<?xml version="1.0" encoding="UTF-8"?>
<testsuite xmlns:xsi="http://www.w3.org/2001/XMLSchema-instance" xsi:noNamespaceSchemaLocation="https://maven.apache.org/surefire/maven-surefire-plugin/xsd/surefire-test-report.xsd" name="cucumberOptions.TestRunner" time="29.735" tests="3" errors="0" skipped="0" failures="0">
  <properties>
[...]
</properties>
  <testcase name="Search for items and move to checkout page #1" classname="Search and place order for vegetables" time="10.696"/>
  <testcase name="Search for items and move to checkout page #2" classname="Search and place order for vegetables" time="8.113"/>
  <testcase name="Search for items and move to checkout page #3" classname="Search and place order for vegetables" time="10.244"/>
</testsuite>